<?xml version="1.0" encoding="UTF-8"?>
<testng-results skipped="0" failed="0" ignored="0" total="1" passed="1">
  <reporter-output>
    <line>
      <![CDATA[admin]]>
    </line>
    <line>
      <![CDATA[admin123]]>
    </line>
    <line>
      <![CDATA[Successfully Loged-In as Admin]]>
    </line>
    <line>
      <![CDATA[Logout Successfully]]>
    </line>
  </reporter-output>
  <suite name="Default suite" duration-ms="38858" started-at="2018-11-08T12:04:05Z" finished-at="2018-11-08T12:04:44Z">
    <groups>
    </groups>
    <test name="Default test" duration-ms="38858" started-at="2018-11-08T12:04:05Z" finished-at="2018-11-08T12:04:44Z">
      <class name="script.TestDemo2">
        <test-method status="PASS" signature="openApp(java.lang.String, java.lang.String)[pri:0, instance:script.TestDemo2@57baeedf]" name="openApp" is-config="true" duration-ms="21483" started-at="2018-11-08T12:04:05Z" finished-at="2018-11-08T12:04:27Z">
          <params>
            <param index="0">
              <value>
                <![CDATA[localhost]]>
              </value>
            </param>
            <param index="1">
              <value>
                <![CDATA[chrome]]>
              </value>
            </param>
          </params>
          <reporter-output>
          </reporter-output>
        </test-method> <!-- openApp -->
        <test-method status="PASS" signature="test()[pri:0, instance:script.TestDemo2@57baeedf]" name="test" duration-ms="13732" started-at="2018-11-08T12:04:27Z" finished-at="2018-11-08T12:04:41Z">
          <reporter-output>
            <line>
              <![CDATA[admin]]>
            </line>
            <line>
              <![CDATA[admin123]]>
            </line>
            <line>
              <![CDATA[Successfully Loged-In as Admin]]>
            </line>
            <line>
              <![CDATA[Logout Successfully]]>
            </line>
          </reporter-output>
        </test-method> <!-- test -->
        <test-method status="PASS" signature="closeApp(org.testng.ITestResult)[pri:0, instance:script.TestDemo2@57baeedf]" name="closeApp" is-config="true" duration-ms="3612" started-at="2018-11-08T12:04:41Z" finished-at="2018-11-08T12:04:44Z">
          <params>
            <param index="0">
              <value>
                <![CDATA[[TestResult name=test status=SUCCESS method=TestDemo2.test()[pri:0, instance:script.TestDemo2@57baeedf] output=admin]]]>
              </value>
            </param>
          </params>
          <reporter-output>
          </reporter-output>
        </test-method> <!-- closeApp -->
      </class> <!-- script.TestDemo2 -->
    </test> <!-- Default test -->
  </suite> <!-- Default suite -->
</testng-results>
