<?xml version="1.0" encoding="UTF-8"?>
<testng-results skipped="0" failed="0" ignored="0" total="3" passed="3">
  <reporter-output>
    <line>
      <![CDATA[Login window Maximized]]>
    </line>
    <line>
      <![CDATA[Successfully Loged-In as Admin]]>
    </line>
    <line>
      <![CDATA[Successfully Loged-In as User]]>
    </line>
  </reporter-output>
  <suite name="Suite" duration-ms="40608" started-at="2018-09-28T20:14:25Z" finished-at="2018-09-28T20:15:06Z">
    <groups>
    </groups>
    <test name="Test" duration-ms="40608" started-at="2018-09-28T20:14:25Z" finished-at="2018-09-28T20:15:06Z">
      <class name="script.TestDemo">
        <test-method status="PASS" signature="openApp(java.lang.String, java.lang.String)[pri:0, instance:script.TestDemo@146ba0ac]" name="openApp" is-config="true" duration-ms="9411" started-at="2018-09-28T20:14:25Z" finished-at="2018-09-28T20:14:35Z">
          <params>
            <param index="0">
              <value>
                <![CDATA[localhost]]>
              </value>
            </param>
            <param index="1">
              <value>
                <![CDATA[chrome]]>
              </value>
            </param>
          </params>
          <reporter-output>
          </reporter-output>
        </test-method> <!-- openApp -->
        <test-method status="PASS" signature="testA()[pri:0, instance:script.TestDemo@146ba0ac]" name="testA" duration-ms="1131" started-at="2018-09-28T20:14:35Z" finished-at="2018-09-28T20:14:36Z">
          <reporter-output>
            <line>
              <![CDATA[Login window Maximized]]>
            </line>
          </reporter-output>
        </test-method> <!-- testA -->
        <test-method status="PASS" signature="closeApp(org.testng.ITestResult)[pri:0, instance:script.TestDemo@146ba0ac]" name="closeApp" is-config="true" duration-ms="5089" started-at="2018-09-28T20:14:36Z" finished-at="2018-09-28T20:14:41Z">
          <params>
            <param index="0">
              <value>
                <![CDATA[[TestResult name=testA status=SUCCESS method=TestDemo.testA()[pri:0, instance:script.TestDemo@146ba0ac] output=Login window Maximized]]]>
              </value>
            </param>
          </params>
          <reporter-output>
          </reporter-output>
        </test-method> <!-- closeApp -->
      </class> <!-- script.TestDemo -->
      <class name="script.TestDemo2">
        <test-method status="PASS" signature="openApp(java.lang.String, java.lang.String)[pri:0, instance:script.TestDemo2@4dfa3a9d]" name="openApp" is-config="true" duration-ms="8792" started-at="2018-09-28T20:14:41Z" finished-at="2018-09-28T20:14:50Z">
          <params>
            <param index="0">
              <value>
                <![CDATA[localhost]]>
              </value>
            </param>
            <param index="1">
              <value>
                <![CDATA[chrome]]>
              </value>
            </param>
          </params>
          <reporter-output>
          </reporter-output>
        </test-method> <!-- openApp -->
        <test-method status="PASS" signature="test()[pri:0, instance:script.TestDemo2@4dfa3a9d]" name="test" duration-ms="1256" started-at="2018-09-28T20:14:50Z" finished-at="2018-09-28T20:14:51Z">
          <reporter-output>
            <line>
              <![CDATA[Successfully Loged-In as Admin]]>
            </line>
          </reporter-output>
        </test-method> <!-- test -->
        <test-method status="PASS" signature="closeApp(org.testng.ITestResult)[pri:0, instance:script.TestDemo2@4dfa3a9d]" name="closeApp" is-config="true" duration-ms="3109" started-at="2018-09-28T20:14:51Z" finished-at="2018-09-28T20:14:54Z">
          <params>
            <param index="0">
              <value>
                <![CDATA[[TestResult name=test status=SUCCESS method=TestDemo2.test()[pri:0, instance:script.TestDemo2@4dfa3a9d] output=Successfully Loged-In as Admin]]]>
              </value>
            </param>
          </params>
          <reporter-output>
          </reporter-output>
        </test-method> <!-- closeApp -->
        <test-method status="PASS" signature="openApp(java.lang.String, java.lang.String)[pri:0, instance:script.TestDemo2@4dfa3a9d]" name="openApp" is-config="true" duration-ms="8106" started-at="2018-09-28T20:14:54Z" finished-at="2018-09-28T20:15:02Z">
          <params>
            <param index="0">
              <value>
                <![CDATA[localhost]]>
              </value>
            </param>
            <param index="1">
              <value>
                <![CDATA[chrome]]>
              </value>
            </param>
          </params>
          <reporter-output>
          </reporter-output>
        </test-method> <!-- openApp -->
        <test-method status="PASS" signature="ul()[pri:0, instance:script.TestDemo2@4dfa3a9d]" name="ul" duration-ms="498" started-at="2018-09-28T20:15:02Z" finished-at="2018-09-28T20:15:03Z">
          <reporter-output>
            <line>
              <![CDATA[Successfully Loged-In as User]]>
            </line>
          </reporter-output>
        </test-method> <!-- ul -->
        <test-method status="PASS" signature="closeApp(org.testng.ITestResult)[pri:0, instance:script.TestDemo2@4dfa3a9d]" name="closeApp" is-config="true" duration-ms="3174" started-at="2018-09-28T20:15:03Z" finished-at="2018-09-28T20:15:06Z">
          <params>
            <param index="0">
              <value>
                <![CDATA[[TestResult name=ul status=SUCCESS method=TestDemo2.ul()[pri:0, instance:script.TestDemo2@4dfa3a9d] output=Successfully Loged-In as User]]]>
              </value>
            </param>
          </params>
          <reporter-output>
          </reporter-output>
        </test-method> <!-- closeApp -->
      </class> <!-- script.TestDemo2 -->
    </test> <!-- Test -->
  </suite> <!-- Suite -->
</testng-results>
